<?xml version="1.0" encoding="UTF-8"?>
<testsuite xmlns:xsi="http://www.w3.org/2001/XMLSchema-instance" xsi:noNamespaceSchemaLocation="https://maven.apache.org/surefire/maven-surefire-plugin/xsd/surefire-test-report-3.0.xsd" version="3.0" name="ccm.models.system.justin.JustinAgencyFileTest" time="0.283" tests="4" errors="0" skipped="0" failures="0">
  <properties>
    <property name="java.specification.version" value="13"/>
    <property name="sun.cpu.isalist" value="amd64"/>
    <property name="test.url" value="http://localhost:63232"/>
    <property name="sun.jnu.encoding" value="Cp1252"/>
    <property name="java.class.path" value="C:\dev_projects\PARC\Justice\DEMS\code\jpss-jade-ccm\Quarkus_DemsAdapter\target\test-classes;C:\dev_projects\PARC\Justice\DEMS\code\jpss-jade-ccm\Quarkus_DemsAdapter\target\classes;C:\Users\vicgu\.m2\repository\io\quarkus\quarkus-resteasy-jackson\2.16.0.Final\quarkus-resteasy-jackson-2.16.0.Final.jar;C:\Users\vicgu\.m2\repository\io\quarkus\quarkus-jackson\2.16.0.Final\quarkus-jackson-2.16.0.Final.jar;C:\Users\vicgu\.m2\repository\com\fasterxml\jackson\datatype\jackson-datatype-jsr310\2.14.1\jackson-datatype-jsr310-2.14.1.jar;C:\Users\vicgu\.m2\repository\com\fasterxml\jackson\datatype\jackson-datatype-jdk8\2.14.1\jackson-datatype-jdk8-2.14.1.jar;C:\Users\vicgu\.m2\repository\com\fasterxml\jackson\module\jackson-module-parameter-names\2.14.1\jackson-module-parameter-names-2.14.1.jar;C:\Users\vicgu\.m2\repository\org\jboss\resteasy\resteasy-jackson2-provider\4.7.7.Final\resteasy-jackson2-provider-4.7.7.Final.jar;C:\Users\vicgu\.m2\repository\com\fasterxml\jackson\jaxrs\jackson-jaxrs-json-provider\2.14.1\jackson-jaxrs-json-provider-2.14.1.jar;C:\Users\vicgu\.m2\repository\com\fasterxml\jackson\jaxrs\jackson-jaxrs-base\2.14.1\jackson-jaxrs-base-2.14.1.jar;C:\Users\vicgu\.m2\repository\com\github\java-json-tools\json-patch\1.13\json-patch-1.13.jar;C:\Users\vicgu\.m2\repository\com\github\java-json-tools\msg-simple\1.2\msg-simple-1.2.jar;C:\Users\vicgu\.m2\repository\com\github\java-json-tools\btf\1.3\btf-1.3.jar;C:\Users\vicgu\.m2\repository\com\github\java-json-tools\jackson-coreutils\2.0\jackson-coreutils-2.0.jar;C:\Users\vicgu\.m2\repository\org\jboss\spec\javax\xml\bind\jboss-jaxb-api_2.3_spec\2.0.0.Final\jboss-jaxb-api_2.3_spec-2.0.0.Final.jar;C:\Users\vicgu\.m2\repository\io\quarkus\quarkus-kubernetes\2.16.0.Final\quarkus-kubernetes-2.16.0.Final.jar;C:\Users\vicgu\.m2\repository\io\quarkus\quarkus-kubernetes-client-internal\2.16.0.Final\quarkus-kubernetes-client-internal-2.16.0.Final.jar;C:\Users\vicgu\.m2\repository\io\quarkus\quarkus-container-image\2.16.0.Final\quarkus-container-image-2.16.0.Final.jar;C:\Users\vicgu\.m2\repository\io\quarkus\quarkus-openshift\2.16.0.Final\quarkus-openshift-2.16.0.Final.jar;C:\Users\vicgu\.m2\repository\io\quarkus\quarkus-container-image-openshift\2.16.0.Final\quarkus-container-image-openshift-2.16.0.Final.jar;C:\Users\vicgu\.m2\repository\io\quarkus\quarkus-arc\2.16.0.Final\quarkus-arc-2.16.0.Final.jar;C:\Users\vicgu\.m2\repository\io\quarkus\arc\arc\2.16.0.Final\arc-2.16.0.Final.jar;C:\Users\vicgu\.m2\repository\jakarta\enterprise\jakarta.enterprise.cdi-api\2.0.2\jakarta.enterprise.cdi-api-2.0.2.jar;C:\Users\vicgu\.m2\repository\jakarta\el\jakarta.el-api\3.0.3\jakarta.el-api-3.0.3.jar;C:\Users\vicgu\.m2\repository\jakarta\interceptor\jakarta.interceptor-api\1.2.5\jakarta.interceptor-api-1.2.5.jar;C:\Users\vicgu\.m2\repository\jakarta\annotation\jakarta.annotation-api\1.3.5\jakarta.annotation-api-1.3.5.jar;C:\Users\vicgu\.m2\repository\jakarta\transaction\jakarta.transaction-api\1.3.3\jakarta.transaction-api-1.3.3.jar;C:\Users\vicgu\.m2\repository\io\smallrye\reactive\mutiny\1.8.0\mutiny-1.8.0.jar;C:\Users\vicgu\.m2\repository\org\reactivestreams\reactive-streams\1.0.3\reactive-streams-1.0.3.jar;C:\Users\vicgu\.m2\repository\io\smallrye\common\smallrye-common-annotation\1.13.2\smallrye-common-annotation-1.13.2.jar;C:\Users\vicgu\.m2\repository\io\quarkus\quarkus-core\2.16.0.Final\quarkus-core-2.16.0.Final.jar;C:\Users\vicgu\.m2\repository\jakarta\inject\jakarta.inject-api\1.0\jakarta.inject-api-1.0.jar;C:\Users\vicgu\.m2\repository\io\quarkus\quarkus-ide-launcher\2.16.0.Final\quarkus-ide-launcher-2.16.0.Final.jar;C:\Users\vicgu\.m2\repository\io\smallrye\config\smallrye-config\2.13.1\smallrye-config-2.13.1.jar;C:\Users\vicgu\.m2\repository\io\smallrye\config\smallrye-config-core\2.13.1\smallrye-config-core-2.13.1.jar;C:\Users\vicgu\.m2\repository\io\smallrye\common\smallrye-common-expression\1.13.2\smallrye-common-expression-1.13.2.jar;C:\Users\vicgu\.m2\repository\io\smallrye\common\smallrye-common-function\1.13.2\smallrye-common-function-1.13.2.jar;C:\Users\vicgu\.m2\repository\io\smallrye\common\smallrye-common-classloader\1.13.2\smallrye-common-classloader-1.13.2.jar;C:\Users\vicgu\.m2\repository\io\smallrye\config\smallrye-config-common\2.13.1\smallrye-config-common-2.13.1.jar;C:\Users\vicgu\.m2\repository\org\jboss\logmanager\jboss-logmanager-embedded\1.0.11\jboss-logmanager-embedded-1.0.11.jar;C:\Users\vicgu\.m2\repository\org\jboss\logging\jboss-logging-annotations\2.2.1.Final\jboss-logging-annotations-2.2.1.Final.jar;C:\Users\vicgu\.m2\repository\org\jboss\threads\jboss-threads\3.4.3.Final\jboss-threads-3.4.3.Final.jar;C:\Users\vicgu\.m2\repository\org\graalvm\sdk\graal-sdk\22.3.0\graal-sdk-22.3.0.jar;C:\Users\vicgu\.m2\repository\org\wildfly\common\wildfly-common\1.5.4.Final-format-001\wildfly-common-1.5.4.Final-format-001.jar;C:\Users\vicgu\.m2\repository\io\quarkus\quarkus-bootstrap-runner\2.16.0.Final\quarkus-bootstrap-runner-2.16.0.Final.jar;C:\Users\vicgu\.m2\repository\io\quarkus\quarkus-fs-util\0.0.9\quarkus-fs-util-0.0.9.jar;C:\Users\vicgu\.m2\repository\org\eclipse\microprofile\context-propagation\microprofile-context-propagation-api\1.2\microprofile-context-propagation-api-1.2.jar;C:\Users\vicgu\.m2\repository\io\quarkus\quarkus-resteasy\2.16.0.Final\quarkus-resteasy-2.16.0.Final.jar;C:\Users\vicgu\.m2\repository\io\quarkus\quarkus-vertx-http\2.16.0.Final\quarkus-vertx-http-2.16.0.Final.jar;C:\Users\vicgu\.m2\repository\io\quarkus\quarkus-security-runtime-spi\2.16.0.Final\quarkus-security-runtime-spi-2.16.0.Final.jar;C:\Users\vicgu\.m2\repository\io\quarkus\quarkus-credentials\2.16.0.Final\quarkus-credentials-2.16.0.Final.jar;C:\Users\vicgu\.m2\repository\io\quarkus\quarkus-mutiny\2.16.0.Final\quarkus-mutiny-2.16.0.Final.jar;C:\Users\vicgu\.m2\repository\io\quarkus\quarkus-smallrye-context-propagation\2.16.0.Final\quarkus-smallrye-context-propagation-2.16.0.Final.jar;C:\Users\vicgu\.m2\repository\io\smallrye\smallrye-context-propagation\1.2.2\smallrye-context-propagation-1.2.2.jar;C:\Users\vicgu\.m2\repository\io\smallrye\smallrye-context-propagation-api\1.2.2\smallrye-context-propagation-api-1.2.2.jar;C:\Users\vicgu\.m2\repository\io\smallrye\smallrye-context-propagation-storage\1.2.2\smallrye-context-propagation-storage-1.2.2.jar;C:\Users\vicgu\.m2\repository\io\smallrye\reactive\mutiny-smallrye-context-propagation\1.8.0\mutiny-smallrye-context-propagation-1.8.0.jar;C:\Users\vicgu\.m2\repository\io\smallrye\common\smallrye-common-vertx-context\1.13.2\smallrye-common-vertx-context-1.13.2.jar;C:\Users\vicgu\.m2\repository\io\vertx\vertx-core\4.3.7\vertx-core-4.3.7.jar;C:\Users\vicgu\.m2\repository\io\netty\netty-common\4.1.86.Final\netty-common-4.1.86.Final.jar;C:\Users\vicgu\.m2\repository\io\netty\netty-buffer\4.1.86.Final\netty-buffer-4.1.86.Final.jar;C:\Users\vicgu\.m2\repository\io\netty\netty-transport\4.1.86.Final\netty-transport-4.1.86.Final.jar;C:\Users\vicgu\.m2\repository\io\netty\netty-handler\4.1.86.Final\netty-handler-4.1.86.Final.jar;C:\Users\vicgu\.m2\repository\io\netty\netty-transport-native-unix-common\4.1.86.Final\netty-transport-native-unix-common-4.1.86.Final.jar;C:\Users\vicgu\.m2\repository\io\netty\netty-handler-proxy\4.1.86.Final\netty-handler-proxy-4.1.86.Final.jar;C:\Users\vicgu\.m2\repository\io\netty\netty-codec-socks\4.1.86.Final\netty-codec-socks-4.1.86.Final.jar;C:\Users\vicgu\.m2\repository\io\netty\netty-codec-http\4.1.86.Final\netty-codec-http-4.1.86.Final.jar;C:\Users\vicgu\.m2\repository\io\netty\netty-codec-http2\4.1.86.Final\netty-codec-http2-4.1.86.Final.jar;C:\Users\vicgu\.m2\repository\io\netty\netty-resolver\4.1.86.Final\netty-resolver-4.1.86.Final.jar;C:\Users\vicgu\.m2\repository\io\netty\netty-resolver-dns\4.1.86.Final\netty-resolver-dns-4.1.86.Final.jar;C:\Users\vicgu\.m2\repository\io\netty\netty-codec-dns\4.1.86.Final\netty-codec-dns-4.1.86.Final.jar;C:\Users\vicgu\.m2\repository\io\smallrye\common\smallrye-common-constraint\1.13.2\smallrye-common-constraint-1.13.2.jar;C:\Users\vicgu\.m2\repository\io\quarkus\quarkus-vertx-http-dev-console-runtime-spi\2.16.0.Final\quarkus-vertx-http-dev-console-runtime-spi-2.16.0.Final.jar;C:\Users\vicgu\.m2\repository\io\quarkus\security\quarkus-security\1.1.4.Final\quarkus-security-1.1.4.Final.jar;C:\Users\vicgu\.m2\repository\io\quarkus\quarkus-vertx\2.16.0.Final\quarkus-vertx-2.16.0.Final.jar;C:\Users\vicgu\.m2\repository\io\quarkus\quarkus-netty\2.16.0.Final\quarkus-netty-2.16.0.Final.jar;C:\Users\vicgu\.m2\repository\io\netty\netty-codec\4.1.86.Final\netty-codec-4.1.86.Final.jar;C:\Users\vicgu\.m2\repository\com\aayushatharva\brotli4j\brotli4j\1.8.0\brotli4j-1.8.0.jar;C:\Users\vicgu\.m2\repository\com\aayushatharva\brotli4j\native-windows-x86_64\1.8.0\native-windows-x86_64-1.8.0.jar;C:\Users\vicgu\.m2\repository\io\netty\netty-codec-haproxy\4.1.86.Final\netty-codec-haproxy-4.1.86.Final.jar;C:\Users\vicgu\.m2\repository\io\quarkus\quarkus-vertx-latebound-mdc-provider\2.16.0.Final\quarkus-vertx-latebound-mdc-provider-2.16.0.Final.jar;C:\Users\vicgu\.m2\repository\io\smallrye\reactive\smallrye-mutiny-vertx-core\2.30.1\smallrye-mutiny-vertx-core-2.30.1.jar;C:\Users\vicgu\.m2\repository\io\smallrye\reactive\smallrye-mutiny-vertx-runtime\2.30.1\smallrye-mutiny-vertx-runtime-2.30.1.jar;C:\Users\vicgu\.m2\repository\io\smallrye\reactive\vertx-mutiny-generator\2.30.1\vertx-mutiny-generator-2.30.1.jar;C:\Users\vicgu\.m2\repository\io\vertx\vertx-codegen\4.3.7\vertx-codegen-4.3.7.jar;C:\Users\vicgu\.m2\repository\io\smallrye\smallrye-fault-tolerance-vertx\5.6.0\smallrye-fault-tolerance-vertx-5.6.0.jar;C:\Users\vicgu\.m2\repository\io\smallrye\reactive\smallrye-mutiny-vertx-web\2.30.1\smallrye-mutiny-vertx-web-2.30.1.jar;C:\Users\vicgu\.m2\repository\io\smallrye\reactive\smallrye-mutiny-vertx-web-common\2.30.1\smallrye-mutiny-vertx-web-common-2.30.1.jar;C:\Users\vicgu\.m2\repository\io\smallrye\reactive\smallrye-mutiny-vertx-auth-common\2.30.1\smallrye-mutiny-vertx-auth-common-2.30.1.jar;C:\Users\vicgu\.m2\repository\io\smallrye\reactive\smallrye-mutiny-vertx-bridge-common\2.30.1\smallrye-mutiny-vertx-bridge-common-2.30.1.jar;C:\Users\vicgu\.m2\repository\io\smallrye\reactive\smallrye-mutiny-vertx-uri-template\2.30.1\smallrye-mutiny-vertx-uri-template-2.30.1.jar;C:\Users\vicgu\.m2\repository\io\vertx\vertx-uri-template\4.3.7\vertx-uri-template-4.3.7.jar;C:\Users\vicgu\.m2\repository\io\vertx\vertx-web\4.3.7\vertx-web-4.3.7.jar;C:\Users\vicgu\.m2\repository\io\vertx\vertx-web-common\4.3.7\vertx-web-common-4.3.7.jar;C:\Users\vicgu\.m2\repository\io\vertx\vertx-auth-common\4.3.7\vertx-auth-common-4.3.7.jar;C:\Users\vicgu\.m2\repository\io\vertx\vertx-bridge-common\4.3.7\vertx-bridge-common-4.3.7.jar;C:\Users\vicgu\.m2\repository\io\github\crac\org-crac\0.1.3\org-crac-0.1.3.jar;C:\Users\vicgu\.m2\repository\io\quarkus\quarkus-resteasy-server-common\2.16.0.Final\quarkus-resteasy-server-common-2.16.0.Final.jar;C:\Users\vicgu\.m2\repository\io\quarkus\quarkus-resteasy-common\2.16.0.Final\quarkus-resteasy-common-2.16.0.Final.jar;C:\Users\vicgu\.m2\repository\org\jboss\resteasy\resteasy-core\4.7.7.Final\resteasy-core-4.7.7.Final.jar;C:\Users\vicgu\.m2\repository\org\jboss\spec\javax\ws\rs\jboss-jaxrs-api_2.1_spec\2.0.1.Final\jboss-jaxrs-api_2.1_spec-2.0.1.Final.jar;C:\Users\vicgu\.m2\repository\org\jboss\resteasy\resteasy-core-spi\4.7.7.Final\resteasy-core-spi-4.7.7.Final.jar;C:\Users\vicgu\.m2\repository\com\ibm\async\asyncutil\0.1.0\asyncutil-0.1.0.jar;C:\Users\vicgu\.m2\repository\jakarta\validation\jakarta.validation-api\2.0.2\jakarta.validation-api-2.0.2.jar;C:\Users\vicgu\.m2\repository\io\quarkus\quarkus-junit5\2.16.0.Final\quarkus-junit5-2.16.0.Final.jar;C:\Users\vicgu\.m2\repository\io\quarkus\quarkus-bootstrap-core\2.16.0.Final\quarkus-bootstrap-core-2.16.0.Final.jar;C:\Users\vicgu\.m2\repository\io\quarkus\quarkus-bootstrap-app-model\2.16.0.Final\quarkus-bootstrap-app-model-2.16.0.Final.jar;C:\Users\vicgu\.m2\repository\io\smallrye\common\smallrye-common-io\1.13.2\smallrye-common-io-1.13.2.jar;C:\Users\vicgu\.m2\repository\org\eclipse\sisu\org.eclipse.sisu.inject\0.3.5\org.eclipse.sisu.inject-0.3.5.jar;C:\Users\vicgu\.m2\repository\io\quarkus\quarkus-test-common\2.16.0.Final\quarkus-test-common-2.16.0.Final.jar;C:\Users\vicgu\.m2\repository\io\quarkus\quarkus-core-deployment\2.16.0.Final\quarkus-core-deployment-2.16.0.Final.jar;C:\Users\vicgu\.m2\repository\org\aesh\readline\2.2\readline-2.2.jar;C:\Users\vicgu\.m2\repository\org\fusesource\jansi\jansi\1.18\jansi-1.18.jar;C:\Users\vicgu\.m2\repository\org\aesh\aesh\2.7\aesh-2.7.jar;C:\Users\vicgu\.m2\repository\io\quarkus\gizmo\gizmo\1.5.0.Final\gizmo-1.5.0.Final.jar;C:\Users\vicgu\.m2\repository\org\ow2\asm\asm-util\9.4\asm-util-9.4.jar;C:\Users\vicgu\.m2\repository\org\ow2\asm\asm-analysis\9.4\asm-analysis-9.4.jar;C:\Users\vicgu\.m2\repository\org\ow2\asm\asm\9.4\asm-9.4.jar;C:\Users\vicgu\.m2\repository\org\ow2\asm\asm-commons\9.4\asm-commons-9.4.jar;C:\Users\vicgu\.m2\repository\org\ow2\asm\asm-tree\9.4\asm-tree-9.4.jar;C:\Users\vicgu\.m2\repository\io\quarkus\quarkus-class-change-agent\2.16.0.Final\quarkus-class-change-agent-2.16.0.Final.jar;C:\Users\vicgu\.m2\repository\io\quarkus\quarkus-devtools-utilities\2.16.0.Final\quarkus-devtools-utilities-2.16.0.Final.jar;C:\Users\vicgu\.m2\repository\io\quarkus\quarkus-builder\2.16.0.Final\quarkus-builder-2.16.0.Final.jar;C:\Users\vicgu\.m2\repository\org\junit\platform\junit-platform-launcher\1.9.1\junit-platform-launcher-1.9.1.jar;C:\Users\vicgu\.m2\repository\io\quarkus\quarkus-bootstrap-maven-resolver\2.16.0.Final\quarkus-bootstrap-maven-resolver-2.16.0.Final.jar;C:\Users\vicgu\.m2\repository\org\apache\maven\maven-embedder\3.8.6\maven-embedder-3.8.6.jar;C:\Users\vicgu\.m2\repository\org\apache\maven\maven-settings\3.8.6\maven-settings-3.8.6.jar;C:\Users\vicgu\.m2\repository\org\apache\maven\maven-core\3.8.6\maven-core-3.8.6.jar;C:\Users\vicgu\.m2\repository\org\apache\maven\maven-artifact\3.8.6\maven-artifact-3.8.6.jar;C:\Users\vicgu\.m2\repository\org\codehaus\plexus\plexus-component-annotations\2.1.0\plexus-component-annotations-2.1.0.jar;C:\Users\vicgu\.m2\repository\org\apache\maven\maven-plugin-api\3.8.6\maven-plugin-api-3.8.6.jar;C:\Users\vicgu\.m2\repository\org\apache\maven\maven-model\3.8.6\maven-model-3.8.6.jar;C:\Users\vicgu\.m2\repository\org\apache\maven\maven-model-builder\3.8.6\maven-model-builder-3.8.6.jar;C:\Users\vicgu\.m2\repository\org\apache\maven\maven-builder-support\3.8.6\maven-builder-support-3.8.6.jar;C:\Users\vicgu\.m2\repository\org\apache\maven\resolver\maven-resolver-api\1.6.3\maven-resolver-api-1.6.3.jar;C:\Users\vicgu\.m2\repository\org\apache\maven\resolver\maven-resolver-util\1.6.3\maven-resolver-util-1.6.3.jar;C:\Users\vicgu\.m2\repository\org\apache\maven\shared\maven-shared-utils\3.3.4\maven-shared-utils-3.3.4.jar;C:\Users\vicgu\.m2\repository\commons-io\commons-io\2.11.0\commons-io-2.11.0.jar;C:\Users\vicgu\.m2\repository\com\google\inject\guice\4.0\guice-4.0-no_aop.jar;C:\Users\vicgu\.m2\repository\com\google\guava\guava\31.1-jre\guava-31.1-jre.jar;C:\Users\vicgu\.m2\repository\com\google\guava\failureaccess\1.0.1\failureaccess-1.0.1.jar;C:\Users\vicgu\.m2\repository\org\codehaus\plexus\plexus-classworlds\2.6.0\plexus-classworlds-2.6.0.jar;C:\Users\vicgu\.m2\repository\org\codehaus\plexus\plexus-sec-dispatcher\2.0\plexus-sec-dispatcher-2.0.jar;C:\Users\vicgu\.m2\repository\org\codehaus\plexus\plexus-cipher\2.0\plexus-cipher-2.0.jar;C:\Users\vicgu\.m2\repository\commons-cli\commons-cli\1.4\commons-cli-1.4.jar;C:\Users\vicgu\.m2\repository\org\eclipse\sisu\org.eclipse.sisu.plexus\0.3.5\org.eclipse.sisu.plexus-0.3.5.jar;C:\Users\vicgu\.m2\repository\org\apache\maven\maven-settings-builder\3.8.6\maven-settings-builder-3.8.6.jar;C:\Users\vicgu\.m2\repository\org\codehaus\plexus\plexus-interpolation\1.26\plexus-interpolation-1.26.jar;C:\Users\vicgu\.m2\repository\org\apache\maven\maven-resolver-provider\3.8.6\maven-resolver-provider-3.8.6.jar;C:\Users\vicgu\.m2\repository\org\apache\maven\maven-repository-metadata\3.8.6\maven-repository-metadata-3.8.6.jar;C:\Users\vicgu\.m2\repository\org\apache\maven\resolver\maven-resolver-spi\1.6.3\maven-resolver-spi-1.6.3.jar;C:\Users\vicgu\.m2\repository\org\apache\maven\resolver\maven-resolver-impl\1.6.3\maven-resolver-impl-1.6.3.jar;C:\Users\vicgu\.m2\repository\org\codehaus\plexus\plexus-utils\3.3.0\plexus-utils-3.3.0.jar;C:\Users\vicgu\.m2\repository\org\apache\maven\resolver\maven-resolver-connector-basic\1.6.3\maven-resolver-connector-basic-1.6.3.jar;C:\Users\vicgu\.m2\repository\org\apache\maven\resolver\maven-resolver-transport-wagon\1.6.3\maven-resolver-transport-wagon-1.6.3.jar;C:\Users\vicgu\.m2\repository\org\apache\maven\wagon\wagon-http\3.5.1\wagon-http-3.5.1.jar;C:\Users\vicgu\.m2\repository\org\apache\maven\wagon\wagon-http-shared\3.5.1\wagon-http-shared-3.5.1.jar;C:\Users\vicgu\.m2\repository\org\apache\maven\wagon\wagon-provider-api\3.5.1\wagon-provider-api-3.5.1.jar;C:\Users\vicgu\.m2\repository\org\apache\maven\wagon\wagon-file\3.5.1\wagon-file-3.5.1.jar;C:\Users\vicgu\.m2\repository\io\quarkus\quarkus-bootstrap-gradle-resolver\2.16.0.Final\quarkus-bootstrap-gradle-resolver-2.16.0.Final.jar;C:\Users\vicgu\.m2\repository\io\smallrye\jandex\3.0.5\jandex-3.0.5.jar;C:\Users\vicgu\.m2\repository\io\quarkus\quarkus-junit5-properties\2.16.0.Final\quarkus-junit5-properties-2.16.0.Final.jar;C:\Users\vicgu\.m2\repository\org\junit\jupiter\junit-jupiter\5.9.1\junit-jupiter-5.9.1.jar;C:\Users\vicgu\.m2\repository\org\junit\jupiter\junit-jupiter-params\5.9.1\junit-jupiter-params-5.9.1.jar;C:\Users\vicgu\.m2\repository\com\thoughtworks\xstream\xstream\1.4.20\xstream-1.4.20.jar;C:\Users\vicgu\.m2\repository\io\github\x-stream\mxparser\1.2.2\mxparser-1.2.2.jar;C:\Users\vicgu\.m2\repository\xmlpull\xmlpull\1.1.3.1\xmlpull-1.1.3.1.jar;C:\Users\vicgu\.m2\repository\org\apache\camel\quarkus\camel-quarkus-log\2.16.0\camel-quarkus-log-2.16.0.jar;C:\Users\vicgu\.m2\repository\org\apache\camel\camel-log\3.20.1\camel-log-3.20.1.jar;C:\Users\vicgu\.m2\repository\org\apache\camel\quarkus\camel-quarkus-core\2.16.0\camel-quarkus-core-2.16.0.jar;C:\Users\vicgu\.m2\repository\io\quarkus\quarkus-development-mode-spi\2.16.0.Final\quarkus-development-mode-spi-2.16.0.Final.jar;C:\Users\vicgu\.m2\repository\org\apache\camel\camel-base\3.20.1\camel-base-3.20.1.jar;C:\Users\vicgu\.m2\repository\org\apache\camel\camel-api\3.20.1\camel-api-3.20.1.jar;C:\Users\vicgu\.m2\repository\org\apache\camel\camel-management-api\3.20.1\camel-management-api-3.20.1.jar;C:\Users\vicgu\.m2\repository\org\apache\camel\camel-util\3.20.1\camel-util-3.20.1.jar;C:\Users\vicgu\.m2\repository\org\apache\camel\camel-componentdsl\3.20.1\camel-componentdsl-3.20.1.jar;C:\Users\vicgu\.m2\repository\org\apache\camel\camel-core-catalog\3.20.1\camel-core-catalog-3.20.1.jar;C:\Users\vicgu\.m2\repository\org\apache\camel\camel-tooling-model\3.20.1\camel-tooling-model-3.20.1.jar;C:\Users\vicgu\.m2\repository\org\apache\camel\camel-util-json\3.20.1\camel-util-json-3.20.1.jar;C:\Users\vicgu\.m2\repository\org\apache\camel\camel-core-engine\3.20.1\camel-core-engine-3.20.1.jar;C:\Users\vicgu\.m2\repository\org\apache\camel\camel-base-engine\3.20.1\camel-base-engine-3.20.1.jar;C:\Users\vicgu\.m2\repository\org\apache\camel\camel-core-reifier\3.20.1\camel-core-reifier-3.20.1.jar;C:\Users\vicgu\.m2\repository\org\apache\camel\camel-core-languages\3.20.1\camel-core-languages-3.20.1.jar;C:\Users\vicgu\.m2\repository\org\apache\camel\camel-core-model\3.20.1\camel-core-model-3.20.1.jar;C:\Users\vicgu\.m2\repository\org\apache\camel\camel-core-processor\3.20.1\camel-core-processor-3.20.1.jar;C:\Users\vicgu\.m2\repository\org\apache\camel\camel-endpointdsl\3.20.1\camel-endpointdsl-3.20.1.jar;C:\Users\vicgu\.m2\repository\org\apache\camel\camel-main\3.20.1\camel-main-3.20.1.jar;C:\Users\vicgu\.m2\repository\org\apache\camel\camel-microprofile-config\3.20.1\camel-microprofile-config-3.20.1.jar;C:\Users\vicgu\.m2\repository\org\eclipse\microprofile\config\microprofile-config-api\2.0.1\microprofile-config-api-2.0.1.jar;C:\Users\vicgu\.m2\repository\org\apache\camel\quarkus\camel-quarkus-kafka\2.16.0\camel-quarkus-kafka-2.16.0.jar;C:\Users\vicgu\.m2\repository\io\quarkus\quarkus-kafka-client\2.16.0.Final\quarkus-kafka-client-2.16.0.Final.jar;C:\Users\vicgu\.m2\repository\io\quarkus\quarkus-caffeine\2.16.0.Final\quarkus-caffeine-2.16.0.Final.jar;C:\Users\vicgu\.m2\repository\com\github\ben-manes\caffeine\caffeine\3.1.1\caffeine-3.1.1.jar;C:\Users\vicgu\.m2\repository\com\google\errorprone\error_prone_annotations\2.17.0\error_prone_annotations-2.17.0.jar;C:\Users\vicgu\.m2\repository\org\apache\camel\camel-kafka\3.20.1\camel-kafka-3.20.1.jar;C:\Users\vicgu\.m2\repository\org\apache\camel\camel-health\3.20.1\camel-health-3.20.1.jar;C:\Users\vicgu\.m2\repository\org\apache\camel\quarkus\camel-quarkus-jackson\2.16.0\camel-quarkus-jackson-2.16.0.jar;C:\Users\vicgu\.m2\repository\io\quarkus\quarkus-jaxp\2.16.0.Final\quarkus-jaxp-2.16.0.Final.jar;C:\Users\vicgu\.m2\repository\com\fasterxml\jackson\module\jackson-module-jaxb-annotations\2.14.1\jackson-module-jaxb-annotations-2.14.1.jar;C:\Users\vicgu\.m2\repository\org\apache\camel\camel-jackson\3.20.1\camel-jackson-3.20.1.jar;C:\Users\vicgu\.m2\repository\com\sun\activation\jakarta.activation\1.2.1\jakarta.activation-1.2.1.jar;C:\Users\vicgu\.m2\repository\org\apache\camel\camel-stream\3.20.1\camel-stream-3.20.1.jar;C:\Users\vicgu\.m2\repository\org\apache\camel\camel-support\3.20.1\camel-support-3.20.1.jar;C:\Users\vicgu\.m2\repository\org\apache\camel\quarkus\camel-quarkus-http\2.16.0\camel-quarkus-http-2.16.0.jar;C:\Users\vicgu\.m2\repository\org\apache\camel\quarkus\camel-quarkus-http-common\2.16.0\camel-quarkus-http-common-2.16.0.jar;C:\Users\vicgu\.m2\repository\org\apache\camel\quarkus\camel-quarkus-core-cloud\2.16.0\camel-quarkus-core-cloud-2.16.0.jar;C:\Users\vicgu\.m2\repository\org\apache\camel\camel-http-common\3.20.1\camel-http-common-3.20.1.jar;C:\Users\vicgu\.m2\repository\org\apache\camel\camel-http-base\3.20.1\camel-http-base-3.20.1.jar;C:\Users\vicgu\.m2\repository\jakarta\servlet\jakarta.servlet-api\4.0.3\jakarta.servlet-api-4.0.3.jar;C:\Users\vicgu\.m2\repository\org\apache\camel\quarkus\camel-quarkus-support-httpclient\2.16.0\camel-quarkus-support-httpclient-2.16.0.jar;C:\Users\vicgu\.m2\repository\io\quarkus\quarkus-apache-httpclient\2.16.0.Final\quarkus-apache-httpclient-2.16.0.Final.jar;C:\Users\vicgu\.m2\repository\org\apache\camel\quarkus\camel-quarkus-support-commons-logging\2.16.0\camel-quarkus-support-commons-logging-2.16.0.jar;C:\Users\vicgu\.m2\repository\org\apache\camel\camel-http\3.20.1\camel-http-3.20.1.jar;C:\Users\vicgu\.m2\repository\org\apache\camel\camel-cloud\3.20.1\camel-cloud-3.20.1.jar;C:\Users\vicgu\.m2\repository\org\apache\camel\camel-file\3.20.1\camel-file-3.20.1.jar;C:\Users\vicgu\.m2\repository\org\apache\camel\camel-cluster\3.20.1\camel-cluster-3.20.1.jar;C:\Users\vicgu\.m2\repository\io\rest-assured\rest-assured\4.5.1\rest-assured-4.5.1.jar;C:\Users\vicgu\.m2\repository\org\codehaus\groovy\groovy\3.0.8\groovy-3.0.8.jar;C:\Users\vicgu\.m2\repository\org\codehaus\groovy\groovy-xml\3.0.9\groovy-xml-3.0.9.jar;C:\Users\vicgu\.m2\repository\org\apache\httpcomponents\httpclient\4.5.14\httpclient-4.5.14.jar;C:\Users\vicgu\.m2\repository\org\apache\httpcomponents\httpcore\4.4.16\httpcore-4.4.16.jar;C:\Users\vicgu\.m2\repository\commons-codec\commons-codec\1.15\commons-codec-1.15.jar;C:\Users\vicgu\.m2\repository\org\hamcrest\hamcrest\2.1\hamcrest-2.1.jar;C:\Users\vicgu\.m2\repository\org\ccil\cowan\tagsoup\tagsoup\1.2.1\tagsoup-1.2.1.jar;C:\Users\vicgu\.m2\repository\io\rest-assured\json-path\4.5.1\json-path-4.5.1.jar;C:\Users\vicgu\.m2\repository\org\codehaus\groovy\groovy-json\3.0.9\groovy-json-3.0.9.jar;C:\Users\vicgu\.m2\repository\io\rest-assured\rest-assured-common\4.5.1\rest-assured-common-4.5.1.jar;C:\Users\vicgu\.m2\repository\io\rest-assured\xml-path\4.5.1\xml-path-4.5.1.jar;C:\Users\vicgu\.m2\repository\org\apache\commons\commons-lang3\3.12.0\commons-lang3-3.12.0.jar;C:\Users\vicgu\.m2\repository\ccm\ccm-models\0.0.1-SNAPSHOT\ccm-models-0.0.1-SNAPSHOT.jar;C:\Users\vicgu\.m2\repository\org\apache\camel\quarkus\camel-quarkus-jsonpath\2.16.0\camel-quarkus-jsonpath-2.16.0.jar;C:\Users\vicgu\.m2\repository\org\apache\camel\camel-jsonpath\3.20.1\camel-jsonpath-3.20.1.jar;C:\Users\vicgu\.m2\repository\com\jayway\jsonpath\json-path\2.7.0\json-path-2.7.0.jar;C:\Users\vicgu\.m2\repository\net\minidev\json-smart\2.4.7\json-smart-2.4.7.jar;C:\Users\vicgu\.m2\repository\net\minidev\accessors-smart\2.4.7\accessors-smart-2.4.7.jar;C:\Users\vicgu\.m2\repository\com\fasterxml\jackson\core\jackson-core\2.14.1\jackson-core-2.14.1.jar;C:\Users\vicgu\.m2\repository\com\fasterxml\jackson\core\jackson-annotations\2.14.1\jackson-annotations-2.14.1.jar;C:\Users\vicgu\.m2\repository\com\fasterxml\jackson\core\jackson-databind\2.14.1\jackson-databind-2.14.1.jar;C:\Users\vicgu\.m2\repository\org\apache\httpcomponents\httpmime\4.5.14\httpmime-4.5.14.jar;C:\Users\vicgu\.m2\repository\javax\servlet\servlet-api\2.5\servlet-api-2.5.jar;C:\Users\vicgu\.m2\repository\org\glassfish\javax.json\1.1.4\javax.json-1.1.4.jar;C:\Users\vicgu\.m2\repository\org\jboss\logging\commons-logging-jboss-logging\1.0.0.Final\commons-logging-jboss-logging-1.0.0.Final.jar;C:\Users\vicgu\.m2\repository\org\jboss\logging\jboss-logging\3.5.0.Final\jboss-logging-3.5.0.Final.jar;C:\Users\vicgu\.m2\repository\org\jboss\logmanager\log4j-jboss-logmanager\1.3.0.Final\log4j-jboss-logmanager-1.3.0.Final.jar;C:\Users\vicgu\.m2\repository\org\jboss\slf4j\slf4j-jboss-logmanager\1.2.0.Final\slf4j-jboss-logmanager-1.2.0.Final.jar;C:\Users\vicgu\.m2\repository\org\apache\camel\quarkus\camel-quarkus-direct\2.16.0\camel-quarkus-direct-2.16.0.jar;C:\Users\vicgu\.m2\repository\org\apache\camel\camel-direct\3.20.1\camel-direct-3.20.1.jar;C:\Users\vicgu\.m2\repository\org\apache\camel\quarkus\camel-quarkus-platform-http\2.16.0\camel-quarkus-platform-http-2.16.0.jar;C:\Users\vicgu\.m2\repository\org\apache\camel\quarkus\camel-quarkus-attachments\2.16.0\camel-quarkus-attachments-2.16.0.jar;C:\Users\vicgu\.m2\repository\org\apache\camel\camel-attachments\3.20.1\camel-attachments-3.20.1.jar;C:\Users\vicgu\.m2\repository\org\apache\camel\camel-platform-http-vertx\3.20.1\camel-platform-http-vertx-3.20.1.jar;C:\Users\vicgu\.m2\repository\org\apache\camel\camel-platform-http\3.20.1\camel-platform-http-3.20.1.jar;C:\Users\vicgu\.m2\repository\org\apache\camel\camel-vertx-common\3.20.1\camel-vertx-common-3.20.1.jar;C:\Users\vicgu\.m2\repository\org\apache\camel\quarkus\camel-quarkus-bean\2.16.0\camel-quarkus-bean-2.16.0.jar;C:\Users\vicgu\.m2\repository\org\apache\camel\camel-bean\3.20.1\camel-bean-3.20.1.jar;C:\Users\vicgu\.m2\repository\org\apache\camel\quarkus\camel-quarkus-rest\2.16.0\camel-quarkus-rest-2.16.0.jar;C:\Users\vicgu\.m2\repository\org\apache\camel\camel-rest\3.20.1\camel-rest-3.20.1.jar;C:\Users\vicgu\.m2\repository\org\junit\jupiter\junit-jupiter-engine\5.6.2\junit-jupiter-engine-5.6.2.jar;C:\Users\vicgu\.m2\repository\org\apiguardian\apiguardian-api\1.1.0\apiguardian-api-1.1.0.jar;C:\Users\vicgu\.m2\repository\org\junit\platform\junit-platform-engine\1.9.1\junit-platform-engine-1.9.1.jar;C:\Users\vicgu\.m2\repository\org\opentest4j\opentest4j\1.2.0\opentest4j-1.2.0.jar;C:\Users\vicgu\.m2\repository\org\junit\platform\junit-platform-commons\1.9.1\junit-platform-commons-1.9.1.jar;C:\Users\vicgu\.m2\repository\org\junit\jupiter\junit-jupiter-api\5.9.1\junit-jupiter-api-5.9.1.jar;C:\Users\vicgu\.m2\repository\org\apache\camel\quarkus\camel-quarkus-junit5\2.16.0\camel-quarkus-junit5-2.16.0.jar;C:\Users\vicgu\.m2\repository\org\apache\camel\camel-test-junit5\3.20.1\camel-test-junit5-3.20.1.jar;C:\Users\vicgu\.m2\repository\org\apache\camel\camel-browse\3.20.1\camel-browse-3.20.1.jar;C:\Users\vicgu\.m2\repository\org\apache\camel\camel-controlbus\3.20.1\camel-controlbus-3.20.1.jar;C:\Users\vicgu\.m2\repository\org\apache\camel\camel-dataformat\3.20.1\camel-dataformat-3.20.1.jar;C:\Users\vicgu\.m2\repository\org\apache\camel\camel-dataset\3.20.1\camel-dataset-3.20.1.jar;C:\Users\vicgu\.m2\repository\org\apache\camel\camel-language\3.20.1\camel-language-3.20.1.jar;C:\Users\vicgu\.m2\repository\org\apache\camel\camel-ref\3.20.1\camel-ref-3.20.1.jar;C:\Users\vicgu\.m2\repository\org\apache\camel\camel-saga\3.20.1\camel-saga-3.20.1.jar;C:\Users\vicgu\.m2\repository\org\apache\camel\camel-scheduler\3.20.1\camel-scheduler-3.20.1.jar;C:\Users\vicgu\.m2\repository\org\apache\camel\camel-seda\3.20.1\camel-seda-3.20.1.jar;C:\Users\vicgu\.m2\repository\org\apache\camel\camel-stub\3.20.1\camel-stub-3.20.1.jar;C:\Users\vicgu\.m2\repository\org\apache\camel\camel-timer\3.20.1\camel-timer-3.20.1.jar;C:\Users\vicgu\.m2\repository\org\apache\camel\camel-validator\3.20.1\camel-validator-3.20.1.jar;C:\Users\vicgu\.m2\repository\org\apache\camel\camel-xml-jaxp\3.20.1\camel-xml-jaxp-3.20.1.jar;C:\Users\vicgu\.m2\repository\org\apache\camel\camel-xml-io-util\3.20.1\camel-xml-io-util-3.20.1.jar;C:\Users\vicgu\.m2\repository\org\apache\camel\camel-vm\3.20.1\camel-vm-3.20.1.jar;C:\Users\vicgu\.m2\repository\org\apache\camel\camel-xpath\3.20.1\camel-xpath-3.20.1.jar;C:\Users\vicgu\.m2\repository\org\apache\camel\camel-xslt\3.20.1\camel-xslt-3.20.1.jar;C:\Users\vicgu\.m2\repository\org\apache\camel\quarkus\camel-quarkus-mock\2.16.0\camel-quarkus-mock-2.16.0.jar;C:\Users\vicgu\.m2\repository\org\apache\camel\camel-mock\3.20.1\camel-mock-3.20.1.jar;C:\Users\vicgu\.m2\repository\org\testcontainers\kafka\1.17.6\kafka-1.17.6.jar;C:\Users\vicgu\.m2\repository\org\testcontainers\testcontainers\1.17.6\testcontainers-1.17.6.jar;C:\Users\vicgu\.m2\repository\junit\junit\4.13.1\junit-4.13.1.jar;C:\Users\vicgu\.m2\repository\org\rnorth\duct-tape\duct-tape\1.0.8\duct-tape-1.0.8.jar;C:\Users\vicgu\.m2\repository\org\jetbrains\annotations\17.0.0\annotations-17.0.0.jar;C:\Users\vicgu\.m2\repository\com\github\docker-java\docker-java-transport-zerodep\3.2.13\docker-java-transport-zerodep-3.2.13.jar;C:\Users\vicgu\.m2\repository\com\github\docker-java\docker-java-transport\3.2.13\docker-java-transport-3.2.13.jar;C:\Users\vicgu\.m2\repository\net\java\dev\jna\jna\5.8.0\jna-5.8.0.jar;C:\Users\vicgu\.m2\repository\io\strimzi\strimzi-test-container\0.100.0\strimzi-test-container-0.100.0.jar;C:\Users\vicgu\.m2\repository\com\github\docker-java\docker-java-api\3.2.13\docker-java-api-3.2.13.jar;C:\Users\vicgu\.m2\repository\org\slf4j\slf4j-api\1.7.36\slf4j-api-1.7.36.jar;C:\Users\vicgu\.m2\repository\org\apache\kafka\kafka-clients\3.3.1\kafka-clients-3.3.1.jar;C:\Users\vicgu\.m2\repository\com\github\luben\zstd-jni\1.5.2-1\zstd-jni-1.5.2-1.jar;C:\Users\vicgu\.m2\repository\org\lz4\lz4-java\1.8.0\lz4-java-1.8.0.jar;C:\Users\vicgu\.m2\repository\org\xerial\snappy\snappy-java\1.1.8.4\snappy-java-1.1.8.4.jar;C:\Users\vicgu\.m2\repository\org\apache\commons\commons-compress\1.22\commons-compress-1.22.jar;C:\Users\vicgu\.m2\repository\org\apache\camel\quarkus\camel-quarkus-dsl-modeline\2.16.0\camel-quarkus-dsl-modeline-2.16.0.jar;C:\Users\vicgu\.m2\repository\org\apache\camel\camel-dsl-modeline\3.20.1\camel-dsl-modeline-3.20.1.jar;"/>
    <property name="java.vm.vendor" value="Oracle Corporation"/>
    <property name="sun.arch.data.model" value="64"/>
    <property name="user.variant" value=""/>
    <property name="quarkusRegistryClient" value="true"/>
    <property name="java.vendor.url" value="https://java.oracle.com/"/>
    <property name="user.timezone" value="America/Vancouver"/>
    <property name="logging.initial-configurator.min-level" value="500"/>
    <property name="java.vm.specification.version" value="13"/>
    <property name="os.name" value="Windows 10"/>
    <property name="sun.java.launcher" value="SUN_STANDARD"/>
    <property name="user.country" value="CA"/>
    <property name="quarkus.http.test-port" value="63232"/>
    <property name="sun.boot.library.path" value="C:\Program Files\Java\jdk-13.0.2\bin"/>
    <property name="sun.java.command" value="C:\Users\vicgu\AppData\Local\Temp\surefire5673739551445217812\surefirebooter2452624012251246629.jar C:\Users\vicgu\AppData\Local\Temp\surefire5673739551445217812 2023-06-27T16-48-29_822-jvmRun1 surefire10339650230597400201tmp surefire_017483973988026874313tmp"/>
    <property name="jdk.debug" value="release"/>
    <property name="maven.home" value="C:\temp\apache-maven-3.8.6-bin\apache-maven-3.8.6"/>
    <property name="surefire.test.class.path" value="C:\dev_projects\PARC\Justice\DEMS\code\jpss-jade-ccm\Quarkus_DemsAdapter\target\test-classes;C:\dev_projects\PARC\Justice\DEMS\code\jpss-jade-ccm\Quarkus_DemsAdapter\target\classes;C:\Users\vicgu\.m2\repository\io\quarkus\quarkus-resteasy-jackson\2.16.0.Final\quarkus-resteasy-jackson-2.16.0.Final.jar;C:\Users\vicgu\.m2\repository\io\quarkus\quarkus-jackson\2.16.0.Final\quarkus-jackson-2.16.0.Final.jar;C:\Users\vicgu\.m2\repository\com\fasterxml\jackson\datatype\jackson-datatype-jsr310\2.14.1\jackson-datatype-jsr310-2.14.1.jar;C:\Users\vicgu\.m2\repository\com\fasterxml\jackson\datatype\jackson-datatype-jdk8\2.14.1\jackson-datatype-jdk8-2.14.1.jar;C:\Users\vicgu\.m2\repository\com\fasterxml\jackson\module\jackson-module-parameter-names\2.14.1\jackson-module-parameter-names-2.14.1.jar;C:\Users\vicgu\.m2\repository\org\jboss\resteasy\resteasy-jackson2-provider\4.7.7.Final\resteasy-jackson2-provider-4.7.7.Final.jar;C:\Users\vicgu\.m2\repository\com\fasterxml\jackson\jaxrs\jackson-jaxrs-json-provider\2.14.1\jackson-jaxrs-json-provider-2.14.1.jar;C:\Users\vicgu\.m2\repository\com\fasterxml\jackson\jaxrs\jackson-jaxrs-base\2.14.1\jackson-jaxrs-base-2.14.1.jar;C:\Users\vicgu\.m2\repository\com\github\java-json-tools\json-patch\1.13\json-patch-1.13.jar;C:\Users\vicgu\.m2\repository\com\github\java-json-tools\msg-simple\1.2\msg-simple-1.2.jar;C:\Users\vicgu\.m2\repository\com\github\java-json-tools\btf\1.3\btf-1.3.jar;C:\Users\vicgu\.m2\repository\com\github\java-json-tools\jackson-coreutils\2.0\jackson-coreutils-2.0.jar;C:\Users\vicgu\.m2\repository\org\jboss\spec\javax\xml\bind\jboss-jaxb-api_2.3_spec\2.0.0.Final\jboss-jaxb-api_2.3_spec-2.0.0.Final.jar;C:\Users\vicgu\.m2\repository\io\quarkus\quarkus-kubernetes\2.16.0.Final\quarkus-kubernetes-2.16.0.Final.jar;C:\Users\vicgu\.m2\repository\io\quarkus\quarkus-kubernetes-client-internal\2.16.0.Final\quarkus-kubernetes-client-internal-2.16.0.Final.jar;C:\Users\vicgu\.m2\repository\io\quarkus\quarkus-container-image\2.16.0.Final\quarkus-container-image-2.16.0.Final.jar;C:\Users\vicgu\.m2\repository\io\quarkus\quarkus-openshift\2.16.0.Final\quarkus-openshift-2.16.0.Final.jar;C:\Users\vicgu\.m2\repository\io\quarkus\quarkus-container-image-openshift\2.16.0.Final\quarkus-container-image-openshift-2.16.0.Final.jar;C:\Users\vicgu\.m2\repository\io\quarkus\quarkus-arc\2.16.0.Final\quarkus-arc-2.16.0.Final.jar;C:\Users\vicgu\.m2\repository\io\quarkus\arc\arc\2.16.0.Final\arc-2.16.0.Final.jar;C:\Users\vicgu\.m2\repository\jakarta\enterprise\jakarta.enterprise.cdi-api\2.0.2\jakarta.enterprise.cdi-api-2.0.2.jar;C:\Users\vicgu\.m2\repository\jakarta\el\jakarta.el-api\3.0.3\jakarta.el-api-3.0.3.jar;C:\Users\vicgu\.m2\repository\jakarta\interceptor\jakarta.interceptor-api\1.2.5\jakarta.interceptor-api-1.2.5.jar;C:\Users\vicgu\.m2\repository\jakarta\annotation\jakarta.annotation-api\1.3.5\jakarta.annotation-api-1.3.5.jar;C:\Users\vicgu\.m2\repository\jakarta\transaction\jakarta.transaction-api\1.3.3\jakarta.transaction-api-1.3.3.jar;C:\Users\vicgu\.m2\repository\io\smallrye\reactive\mutiny\1.8.0\mutiny-1.8.0.jar;C:\Users\vicgu\.m2\repository\org\reactivestreams\reactive-streams\1.0.3\reactive-streams-1.0.3.jar;C:\Users\vicgu\.m2\repository\io\smallrye\common\smallrye-common-annotation\1.13.2\smallrye-common-annotation-1.13.2.jar;C:\Users\vicgu\.m2\repository\io\quarkus\quarkus-core\2.16.0.Final\quarkus-core-2.16.0.Final.jar;C:\Users\vicgu\.m2\repository\jakarta\inject\jakarta.inject-api\1.0\jakarta.inject-api-1.0.jar;C:\Users\vicgu\.m2\repository\io\quarkus\quarkus-ide-launcher\2.16.0.Final\quarkus-ide-launcher-2.16.0.Final.jar;C:\Users\vicgu\.m2\repository\io\smallrye\config\smallrye-config\2.13.1\smallrye-config-2.13.1.jar;C:\Users\vicgu\.m2\repository\io\smallrye\config\smallrye-config-core\2.13.1\smallrye-config-core-2.13.1.jar;C:\Users\vicgu\.m2\repository\io\smallrye\common\smallrye-common-expression\1.13.2\smallrye-common-expression-1.13.2.jar;C:\Users\vicgu\.m2\repository\io\smallrye\common\smallrye-common-function\1.13.2\smallrye-common-function-1.13.2.jar;C:\Users\vicgu\.m2\repository\io\smallrye\common\smallrye-common-classloader\1.13.2\smallrye-common-classloader-1.13.2.jar;C:\Users\vicgu\.m2\repository\io\smallrye\config\smallrye-config-common\2.13.1\smallrye-config-common-2.13.1.jar;C:\Users\vicgu\.m2\repository\org\jboss\logmanager\jboss-logmanager-embedded\1.0.11\jboss-logmanager-embedded-1.0.11.jar;C:\Users\vicgu\.m2\repository\org\jboss\logging\jboss-logging-annotations\2.2.1.Final\jboss-logging-annotations-2.2.1.Final.jar;C:\Users\vicgu\.m2\repository\org\jboss\threads\jboss-threads\3.4.3.Final\jboss-threads-3.4.3.Final.jar;C:\Users\vicgu\.m2\repository\org\graalvm\sdk\graal-sdk\22.3.0\graal-sdk-22.3.0.jar;C:\Users\vicgu\.m2\repository\org\wildfly\common\wildfly-common\1.5.4.Final-format-001\wildfly-common-1.5.4.Final-format-001.jar;C:\Users\vicgu\.m2\repository\io\quarkus\quarkus-bootstrap-runner\2.16.0.Final\quarkus-bootstrap-runner-2.16.0.Final.jar;C:\Users\vicgu\.m2\repository\io\quarkus\quarkus-fs-util\0.0.9\quarkus-fs-util-0.0.9.jar;C:\Users\vicgu\.m2\repository\org\eclipse\microprofile\context-propagation\microprofile-context-propagation-api\1.2\microprofile-context-propagation-api-1.2.jar;C:\Users\vicgu\.m2\repository\io\quarkus\quarkus-resteasy\2.16.0.Final\quarkus-resteasy-2.16.0.Final.jar;C:\Users\vicgu\.m2\repository\io\quarkus\quarkus-vertx-http\2.16.0.Final\quarkus-vertx-http-2.16.0.Final.jar;C:\Users\vicgu\.m2\repository\io\quarkus\quarkus-security-runtime-spi\2.16.0.Final\quarkus-security-runtime-spi-2.16.0.Final.jar;C:\Users\vicgu\.m2\repository\io\quarkus\quarkus-credentials\2.16.0.Final\quarkus-credentials-2.16.0.Final.jar;C:\Users\vicgu\.m2\repository\io\quarkus\quarkus-mutiny\2.16.0.Final\quarkus-mutiny-2.16.0.Final.jar;C:\Users\vicgu\.m2\repository\io\quarkus\quarkus-smallrye-context-propagation\2.16.0.Final\quarkus-smallrye-context-propagation-2.16.0.Final.jar;C:\Users\vicgu\.m2\repository\io\smallrye\smallrye-context-propagation\1.2.2\smallrye-context-propagation-1.2.2.jar;C:\Users\vicgu\.m2\repository\io\smallrye\smallrye-context-propagation-api\1.2.2\smallrye-context-propagation-api-1.2.2.jar;C:\Users\vicgu\.m2\repository\io\smallrye\smallrye-context-propagation-storage\1.2.2\smallrye-context-propagation-storage-1.2.2.jar;C:\Users\vicgu\.m2\repository\io\smallrye\reactive\mutiny-smallrye-context-propagation\1.8.0\mutiny-smallrye-context-propagation-1.8.0.jar;C:\Users\vicgu\.m2\repository\io\smallrye\common\smallrye-common-vertx-context\1.13.2\smallrye-common-vertx-context-1.13.2.jar;C:\Users\vicgu\.m2\repository\io\vertx\vertx-core\4.3.7\vertx-core-4.3.7.jar;C:\Users\vicgu\.m2\repository\io\netty\netty-common\4.1.86.Final\netty-common-4.1.86.Final.jar;C:\Users\vicgu\.m2\repository\io\netty\netty-buffer\4.1.86.Final\netty-buffer-4.1.86.Final.jar;C:\Users\vicgu\.m2\repository\io\netty\netty-transport\4.1.86.Final\netty-transport-4.1.86.Final.jar;C:\Users\vicgu\.m2\repository\io\netty\netty-handler\4.1.86.Final\netty-handler-4.1.86.Final.jar;C:\Users\vicgu\.m2\repository\io\netty\netty-transport-native-unix-common\4.1.86.Final\netty-transport-native-unix-common-4.1.86.Final.jar;C:\Users\vicgu\.m2\repository\io\netty\netty-handler-proxy\4.1.86.Final\netty-handler-proxy-4.1.86.Final.jar;C:\Users\vicgu\.m2\repository\io\netty\netty-codec-socks\4.1.86.Final\netty-codec-socks-4.1.86.Final.jar;C:\Users\vicgu\.m2\repository\io\netty\netty-codec-http\4.1.86.Final\netty-codec-http-4.1.86.Final.jar;C:\Users\vicgu\.m2\repository\io\netty\netty-codec-http2\4.1.86.Final\netty-codec-http2-4.1.86.Final.jar;C:\Users\vicgu\.m2\repository\io\netty\netty-resolver\4.1.86.Final\netty-resolver-4.1.86.Final.jar;C:\Users\vicgu\.m2\repository\io\netty\netty-resolver-dns\4.1.86.Final\netty-resolver-dns-4.1.86.Final.jar;C:\Users\vicgu\.m2\repository\io\netty\netty-codec-dns\4.1.86.Final\netty-codec-dns-4.1.86.Final.jar;C:\Users\vicgu\.m2\repository\io\smallrye\common\smallrye-common-constraint\1.13.2\smallrye-common-constraint-1.13.2.jar;C:\Users\vicgu\.m2\repository\io\quarkus\quarkus-vertx-http-dev-console-runtime-spi\2.16.0.Final\quarkus-vertx-http-dev-console-runtime-spi-2.16.0.Final.jar;C:\Users\vicgu\.m2\repository\io\quarkus\security\quarkus-security\1.1.4.Final\quarkus-security-1.1.4.Final.jar;C:\Users\vicgu\.m2\repository\io\quarkus\quarkus-vertx\2.16.0.Final\quarkus-vertx-2.16.0.Final.jar;C:\Users\vicgu\.m2\repository\io\quarkus\quarkus-netty\2.16.0.Final\quarkus-netty-2.16.0.Final.jar;C:\Users\vicgu\.m2\repository\io\netty\netty-codec\4.1.86.Final\netty-codec-4.1.86.Final.jar;C:\Users\vicgu\.m2\repository\com\aayushatharva\brotli4j\brotli4j\1.8.0\brotli4j-1.8.0.jar;C:\Users\vicgu\.m2\repository\com\aayushatharva\brotli4j\native-windows-x86_64\1.8.0\native-windows-x86_64-1.8.0.jar;C:\Users\vicgu\.m2\repository\io\netty\netty-codec-haproxy\4.1.86.Final\netty-codec-haproxy-4.1.86.Final.jar;C:\Users\vicgu\.m2\repository\io\quarkus\quarkus-vertx-latebound-mdc-provider\2.16.0.Final\quarkus-vertx-latebound-mdc-provider-2.16.0.Final.jar;C:\Users\vicgu\.m2\repository\io\smallrye\reactive\smallrye-mutiny-vertx-core\2.30.1\smallrye-mutiny-vertx-core-2.30.1.jar;C:\Users\vicgu\.m2\repository\io\smallrye\reactive\smallrye-mutiny-vertx-runtime\2.30.1\smallrye-mutiny-vertx-runtime-2.30.1.jar;C:\Users\vicgu\.m2\repository\io\smallrye\reactive\vertx-mutiny-generator\2.30.1\vertx-mutiny-generator-2.30.1.jar;C:\Users\vicgu\.m2\repository\io\vertx\vertx-codegen\4.3.7\vertx-codegen-4.3.7.jar;C:\Users\vicgu\.m2\repository\io\smallrye\smallrye-fault-tolerance-vertx\5.6.0\smallrye-fault-tolerance-vertx-5.6.0.jar;C:\Users\vicgu\.m2\repository\io\smallrye\reactive\smallrye-mutiny-vertx-web\2.30.1\smallrye-mutiny-vertx-web-2.30.1.jar;C:\Users\vicgu\.m2\repository\io\smallrye\reactive\smallrye-mutiny-vertx-web-common\2.30.1\smallrye-mutiny-vertx-web-common-2.30.1.jar;C:\Users\vicgu\.m2\repository\io\smallrye\reactive\smallrye-mutiny-vertx-auth-common\2.30.1\smallrye-mutiny-vertx-auth-common-2.30.1.jar;C:\Users\vicgu\.m2\repository\io\smallrye\reactive\smallrye-mutiny-vertx-bridge-common\2.30.1\smallrye-mutiny-vertx-bridge-common-2.30.1.jar;C:\Users\vicgu\.m2\repository\io\smallrye\reactive\smallrye-mutiny-vertx-uri-template\2.30.1\smallrye-mutiny-vertx-uri-template-2.30.1.jar;C:\Users\vicgu\.m2\repository\io\vertx\vertx-uri-template\4.3.7\vertx-uri-template-4.3.7.jar;C:\Users\vicgu\.m2\repository\io\vertx\vertx-web\4.3.7\vertx-web-4.3.7.jar;C:\Users\vicgu\.m2\repository\io\vertx\vertx-web-common\4.3.7\vertx-web-common-4.3.7.jar;C:\Users\vicgu\.m2\repository\io\vertx\vertx-auth-common\4.3.7\vertx-auth-common-4.3.7.jar;C:\Users\vicgu\.m2\repository\io\vertx\vertx-bridge-common\4.3.7\vertx-bridge-common-4.3.7.jar;C:\Users\vicgu\.m2\repository\io\github\crac\org-crac\0.1.3\org-crac-0.1.3.jar;C:\Users\vicgu\.m2\repository\io\quarkus\quarkus-resteasy-server-common\2.16.0.Final\quarkus-resteasy-server-common-2.16.0.Final.jar;C:\Users\vicgu\.m2\repository\io\quarkus\quarkus-resteasy-common\2.16.0.Final\quarkus-resteasy-common-2.16.0.Final.jar;C:\Users\vicgu\.m2\repository\org\jboss\resteasy\resteasy-core\4.7.7.Final\resteasy-core-4.7.7.Final.jar;C:\Users\vicgu\.m2\repository\org\jboss\spec\javax\ws\rs\jboss-jaxrs-api_2.1_spec\2.0.1.Final\jboss-jaxrs-api_2.1_spec-2.0.1.Final.jar;C:\Users\vicgu\.m2\repository\org\jboss\resteasy\resteasy-core-spi\4.7.7.Final\resteasy-core-spi-4.7.7.Final.jar;C:\Users\vicgu\.m2\repository\com\ibm\async\asyncutil\0.1.0\asyncutil-0.1.0.jar;C:\Users\vicgu\.m2\repository\jakarta\validation\jakarta.validation-api\2.0.2\jakarta.validation-api-2.0.2.jar;C:\Users\vicgu\.m2\repository\io\quarkus\quarkus-junit5\2.16.0.Final\quarkus-junit5-2.16.0.Final.jar;C:\Users\vicgu\.m2\repository\io\quarkus\quarkus-bootstrap-core\2.16.0.Final\quarkus-bootstrap-core-2.16.0.Final.jar;C:\Users\vicgu\.m2\repository\io\quarkus\quarkus-bootstrap-app-model\2.16.0.Final\quarkus-bootstrap-app-model-2.16.0.Final.jar;C:\Users\vicgu\.m2\repository\io\smallrye\common\smallrye-common-io\1.13.2\smallrye-common-io-1.13.2.jar;C:\Users\vicgu\.m2\repository\org\eclipse\sisu\org.eclipse.sisu.inject\0.3.5\org.eclipse.sisu.inject-0.3.5.jar;C:\Users\vicgu\.m2\repository\io\quarkus\quarkus-test-common\2.16.0.Final\quarkus-test-common-2.16.0.Final.jar;C:\Users\vicgu\.m2\repository\io\quarkus\quarkus-core-deployment\2.16.0.Final\quarkus-core-deployment-2.16.0.Final.jar;C:\Users\vicgu\.m2\repository\org\aesh\readline\2.2\readline-2.2.jar;C:\Users\vicgu\.m2\repository\org\fusesource\jansi\jansi\1.18\jansi-1.18.jar;C:\Users\vicgu\.m2\repository\org\aesh\aesh\2.7\aesh-2.7.jar;C:\Users\vicgu\.m2\repository\io\quarkus\gizmo\gizmo\1.5.0.Final\gizmo-1.5.0.Final.jar;C:\Users\vicgu\.m2\repository\org\ow2\asm\asm-util\9.4\asm-util-9.4.jar;C:\Users\vicgu\.m2\repository\org\ow2\asm\asm-analysis\9.4\asm-analysis-9.4.jar;C:\Users\vicgu\.m2\repository\org\ow2\asm\asm\9.4\asm-9.4.jar;C:\Users\vicgu\.m2\repository\org\ow2\asm\asm-commons\9.4\asm-commons-9.4.jar;C:\Users\vicgu\.m2\repository\org\ow2\asm\asm-tree\9.4\asm-tree-9.4.jar;C:\Users\vicgu\.m2\repository\io\quarkus\quarkus-class-change-agent\2.16.0.Final\quarkus-class-change-agent-2.16.0.Final.jar;C:\Users\vicgu\.m2\repository\io\quarkus\quarkus-devtools-utilities\2.16.0.Final\quarkus-devtools-utilities-2.16.0.Final.jar;C:\Users\vicgu\.m2\repository\io\quarkus\quarkus-builder\2.16.0.Final\quarkus-builder-2.16.0.Final.jar;C:\Users\vicgu\.m2\repository\org\junit\platform\junit-platform-launcher\1.9.1\junit-platform-launcher-1.9.1.jar;C:\Users\vicgu\.m2\repository\io\quarkus\quarkus-bootstrap-maven-resolver\2.16.0.Final\quarkus-bootstrap-maven-resolver-2.16.0.Final.jar;C:\Users\vicgu\.m2\repository\org\apache\maven\maven-embedder\3.8.6\maven-embedder-3.8.6.jar;C:\Users\vicgu\.m2\repository\org\apache\maven\maven-settings\3.8.6\maven-settings-3.8.6.jar;C:\Users\vicgu\.m2\repository\org\apache\maven\maven-core\3.8.6\maven-core-3.8.6.jar;C:\Users\vicgu\.m2\repository\org\apache\maven\maven-artifact\3.8.6\maven-artifact-3.8.6.jar;C:\Users\vicgu\.m2\repository\org\codehaus\plexus\plexus-component-annotations\2.1.0\plexus-component-annotations-2.1.0.jar;C:\Users\vicgu\.m2\repository\org\apache\maven\maven-plugin-api\3.8.6\maven-plugin-api-3.8.6.jar;C:\Users\vicgu\.m2\repository\org\apache\maven\maven-model\3.8.6\maven-model-3.8.6.jar;C:\Users\vicgu\.m2\repository\org\apache\maven\maven-model-builder\3.8.6\maven-model-builder-3.8.6.jar;C:\Users\vicgu\.m2\repository\org\apache\maven\maven-builder-support\3.8.6\maven-builder-support-3.8.6.jar;C:\Users\vicgu\.m2\repository\org\apache\maven\resolver\maven-resolver-api\1.6.3\maven-resolver-api-1.6.3.jar;C:\Users\vicgu\.m2\repository\org\apache\maven\resolver\maven-resolver-util\1.6.3\maven-resolver-util-1.6.3.jar;C:\Users\vicgu\.m2\repository\org\apache\maven\shared\maven-shared-utils\3.3.4\maven-shared-utils-3.3.4.jar;C:\Users\vicgu\.m2\repository\commons-io\commons-io\2.11.0\commons-io-2.11.0.jar;C:\Users\vicgu\.m2\repository\com\google\inject\guice\4.0\guice-4.0-no_aop.jar;C:\Users\vicgu\.m2\repository\com\google\guava\guava\31.1-jre\guava-31.1-jre.jar;C:\Users\vicgu\.m2\repository\com\google\guava\failureaccess\1.0.1\failureaccess-1.0.1.jar;C:\Users\vicgu\.m2\repository\org\codehaus\plexus\plexus-classworlds\2.6.0\plexus-classworlds-2.6.0.jar;C:\Users\vicgu\.m2\repository\org\codehaus\plexus\plexus-sec-dispatcher\2.0\plexus-sec-dispatcher-2.0.jar;C:\Users\vicgu\.m2\repository\org\codehaus\plexus\plexus-cipher\2.0\plexus-cipher-2.0.jar;C:\Users\vicgu\.m2\repository\commons-cli\commons-cli\1.4\commons-cli-1.4.jar;C:\Users\vicgu\.m2\repository\org\eclipse\sisu\org.eclipse.sisu.plexus\0.3.5\org.eclipse.sisu.plexus-0.3.5.jar;C:\Users\vicgu\.m2\repository\org\apache\maven\maven-settings-builder\3.8.6\maven-settings-builder-3.8.6.jar;C:\Users\vicgu\.m2\repository\org\codehaus\plexus\plexus-interpolation\1.26\plexus-interpolation-1.26.jar;C:\Users\vicgu\.m2\repository\org\apache\maven\maven-resolver-provider\3.8.6\maven-resolver-provider-3.8.6.jar;C:\Users\vicgu\.m2\repository\org\apache\maven\maven-repository-metadata\3.8.6\maven-repository-metadata-3.8.6.jar;C:\Users\vicgu\.m2\repository\org\apache\maven\resolver\maven-resolver-spi\1.6.3\maven-resolver-spi-1.6.3.jar;C:\Users\vicgu\.m2\repository\org\apache\maven\resolver\maven-resolver-impl\1.6.3\maven-resolver-impl-1.6.3.jar;C:\Users\vicgu\.m2\repository\org\codehaus\plexus\plexus-utils\3.3.0\plexus-utils-3.3.0.jar;C:\Users\vicgu\.m2\repository\org\apache\maven\resolver\maven-resolver-connector-basic\1.6.3\maven-resolver-connector-basic-1.6.3.jar;C:\Users\vicgu\.m2\repository\org\apache\maven\resolver\maven-resolver-transport-wagon\1.6.3\maven-resolver-transport-wagon-1.6.3.jar;C:\Users\vicgu\.m2\repository\org\apache\maven\wagon\wagon-http\3.5.1\wagon-http-3.5.1.jar;C:\Users\vicgu\.m2\repository\org\apache\maven\wagon\wagon-http-shared\3.5.1\wagon-http-shared-3.5.1.jar;C:\Users\vicgu\.m2\repository\org\apache\maven\wagon\wagon-provider-api\3.5.1\wagon-provider-api-3.5.1.jar;C:\Users\vicgu\.m2\repository\org\apache\maven\wagon\wagon-file\3.5.1\wagon-file-3.5.1.jar;C:\Users\vicgu\.m2\repository\io\quarkus\quarkus-bootstrap-gradle-resolver\2.16.0.Final\quarkus-bootstrap-gradle-resolver-2.16.0.Final.jar;C:\Users\vicgu\.m2\repository\io\smallrye\jandex\3.0.5\jandex-3.0.5.jar;C:\Users\vicgu\.m2\repository\io\quarkus\quarkus-junit5-properties\2.16.0.Final\quarkus-junit5-properties-2.16.0.Final.jar;C:\Users\vicgu\.m2\repository\org\junit\jupiter\junit-jupiter\5.9.1\junit-jupiter-5.9.1.jar;C:\Users\vicgu\.m2\repository\org\junit\jupiter\junit-jupiter-params\5.9.1\junit-jupiter-params-5.9.1.jar;C:\Users\vicgu\.m2\repository\com\thoughtworks\xstream\xstream\1.4.20\xstream-1.4.20.jar;C:\Users\vicgu\.m2\repository\io\github\x-stream\mxparser\1.2.2\mxparser-1.2.2.jar;C:\Users\vicgu\.m2\repository\xmlpull\xmlpull\1.1.3.1\xmlpull-1.1.3.1.jar;C:\Users\vicgu\.m2\repository\org\apache\camel\quarkus\camel-quarkus-log\2.16.0\camel-quarkus-log-2.16.0.jar;C:\Users\vicgu\.m2\repository\org\apache\camel\camel-log\3.20.1\camel-log-3.20.1.jar;C:\Users\vicgu\.m2\repository\org\apache\camel\quarkus\camel-quarkus-core\2.16.0\camel-quarkus-core-2.16.0.jar;C:\Users\vicgu\.m2\repository\io\quarkus\quarkus-development-mode-spi\2.16.0.Final\quarkus-development-mode-spi-2.16.0.Final.jar;C:\Users\vicgu\.m2\repository\org\apache\camel\camel-base\3.20.1\camel-base-3.20.1.jar;C:\Users\vicgu\.m2\repository\org\apache\camel\camel-api\3.20.1\camel-api-3.20.1.jar;C:\Users\vicgu\.m2\repository\org\apache\camel\camel-management-api\3.20.1\camel-management-api-3.20.1.jar;C:\Users\vicgu\.m2\repository\org\apache\camel\camel-util\3.20.1\camel-util-3.20.1.jar;C:\Users\vicgu\.m2\repository\org\apache\camel\camel-componentdsl\3.20.1\camel-componentdsl-3.20.1.jar;C:\Users\vicgu\.m2\repository\org\apache\camel\camel-core-catalog\3.20.1\camel-core-catalog-3.20.1.jar;C:\Users\vicgu\.m2\repository\org\apache\camel\camel-tooling-model\3.20.1\camel-tooling-model-3.20.1.jar;C:\Users\vicgu\.m2\repository\org\apache\camel\camel-util-json\3.20.1\camel-util-json-3.20.1.jar;C:\Users\vicgu\.m2\repository\org\apache\camel\camel-core-engine\3.20.1\camel-core-engine-3.20.1.jar;C:\Users\vicgu\.m2\repository\org\apache\camel\camel-base-engine\3.20.1\camel-base-engine-3.20.1.jar;C:\Users\vicgu\.m2\repository\org\apache\camel\camel-core-reifier\3.20.1\camel-core-reifier-3.20.1.jar;C:\Users\vicgu\.m2\repository\org\apache\camel\camel-core-languages\3.20.1\camel-core-languages-3.20.1.jar;C:\Users\vicgu\.m2\repository\org\apache\camel\camel-core-model\3.20.1\camel-core-model-3.20.1.jar;C:\Users\vicgu\.m2\repository\org\apache\camel\camel-core-processor\3.20.1\camel-core-processor-3.20.1.jar;C:\Users\vicgu\.m2\repository\org\apache\camel\camel-endpointdsl\3.20.1\camel-endpointdsl-3.20.1.jar;C:\Users\vicgu\.m2\repository\org\apache\camel\camel-main\3.20.1\camel-main-3.20.1.jar;C:\Users\vicgu\.m2\repository\org\apache\camel\camel-microprofile-config\3.20.1\camel-microprofile-config-3.20.1.jar;C:\Users\vicgu\.m2\repository\org\eclipse\microprofile\config\microprofile-config-api\2.0.1\microprofile-config-api-2.0.1.jar;C:\Users\vicgu\.m2\repository\org\apache\camel\quarkus\camel-quarkus-kafka\2.16.0\camel-quarkus-kafka-2.16.0.jar;C:\Users\vicgu\.m2\repository\io\quarkus\quarkus-kafka-client\2.16.0.Final\quarkus-kafka-client-2.16.0.Final.jar;C:\Users\vicgu\.m2\repository\io\quarkus\quarkus-caffeine\2.16.0.Final\quarkus-caffeine-2.16.0.Final.jar;C:\Users\vicgu\.m2\repository\com\github\ben-manes\caffeine\caffeine\3.1.1\caffeine-3.1.1.jar;C:\Users\vicgu\.m2\repository\com\google\errorprone\error_prone_annotations\2.17.0\error_prone_annotations-2.17.0.jar;C:\Users\vicgu\.m2\repository\org\apache\camel\camel-kafka\3.20.1\camel-kafka-3.20.1.jar;C:\Users\vicgu\.m2\repository\org\apache\camel\camel-health\3.20.1\camel-health-3.20.1.jar;C:\Users\vicgu\.m2\repository\org\apache\camel\quarkus\camel-quarkus-jackson\2.16.0\camel-quarkus-jackson-2.16.0.jar;C:\Users\vicgu\.m2\repository\io\quarkus\quarkus-jaxp\2.16.0.Final\quarkus-jaxp-2.16.0.Final.jar;C:\Users\vicgu\.m2\repository\com\fasterxml\jackson\module\jackson-module-jaxb-annotations\2.14.1\jackson-module-jaxb-annotations-2.14.1.jar;C:\Users\vicgu\.m2\repository\org\apache\camel\camel-jackson\3.20.1\camel-jackson-3.20.1.jar;C:\Users\vicgu\.m2\repository\com\sun\activation\jakarta.activation\1.2.1\jakarta.activation-1.2.1.jar;C:\Users\vicgu\.m2\repository\org\apache\camel\camel-stream\3.20.1\camel-stream-3.20.1.jar;C:\Users\vicgu\.m2\repository\org\apache\camel\camel-support\3.20.1\camel-support-3.20.1.jar;C:\Users\vicgu\.m2\repository\org\apache\camel\quarkus\camel-quarkus-http\2.16.0\camel-quarkus-http-2.16.0.jar;C:\Users\vicgu\.m2\repository\org\apache\camel\quarkus\camel-quarkus-http-common\2.16.0\camel-quarkus-http-common-2.16.0.jar;C:\Users\vicgu\.m2\repository\org\apache\camel\quarkus\camel-quarkus-core-cloud\2.16.0\camel-quarkus-core-cloud-2.16.0.jar;C:\Users\vicgu\.m2\repository\org\apache\camel\camel-http-common\3.20.1\camel-http-common-3.20.1.jar;C:\Users\vicgu\.m2\repository\org\apache\camel\camel-http-base\3.20.1\camel-http-base-3.20.1.jar;C:\Users\vicgu\.m2\repository\jakarta\servlet\jakarta.servlet-api\4.0.3\jakarta.servlet-api-4.0.3.jar;C:\Users\vicgu\.m2\repository\org\apache\camel\quarkus\camel-quarkus-support-httpclient\2.16.0\camel-quarkus-support-httpclient-2.16.0.jar;C:\Users\vicgu\.m2\repository\io\quarkus\quarkus-apache-httpclient\2.16.0.Final\quarkus-apache-httpclient-2.16.0.Final.jar;C:\Users\vicgu\.m2\repository\org\apache\camel\quarkus\camel-quarkus-support-commons-logging\2.16.0\camel-quarkus-support-commons-logging-2.16.0.jar;C:\Users\vicgu\.m2\repository\org\apache\camel\camel-http\3.20.1\camel-http-3.20.1.jar;C:\Users\vicgu\.m2\repository\org\apache\camel\camel-cloud\3.20.1\camel-cloud-3.20.1.jar;C:\Users\vicgu\.m2\repository\org\apache\camel\camel-file\3.20.1\camel-file-3.20.1.jar;C:\Users\vicgu\.m2\repository\org\apache\camel\camel-cluster\3.20.1\camel-cluster-3.20.1.jar;C:\Users\vicgu\.m2\repository\io\rest-assured\rest-assured\4.5.1\rest-assured-4.5.1.jar;C:\Users\vicgu\.m2\repository\org\codehaus\groovy\groovy\3.0.8\groovy-3.0.8.jar;C:\Users\vicgu\.m2\repository\org\codehaus\groovy\groovy-xml\3.0.9\groovy-xml-3.0.9.jar;C:\Users\vicgu\.m2\repository\org\apache\httpcomponents\httpclient\4.5.14\httpclient-4.5.14.jar;C:\Users\vicgu\.m2\repository\org\apache\httpcomponents\httpcore\4.4.16\httpcore-4.4.16.jar;C:\Users\vicgu\.m2\repository\commons-codec\commons-codec\1.15\commons-codec-1.15.jar;C:\Users\vicgu\.m2\repository\org\hamcrest\hamcrest\2.1\hamcrest-2.1.jar;C:\Users\vicgu\.m2\repository\org\ccil\cowan\tagsoup\tagsoup\1.2.1\tagsoup-1.2.1.jar;C:\Users\vicgu\.m2\repository\io\rest-assured\json-path\4.5.1\json-path-4.5.1.jar;C:\Users\vicgu\.m2\repository\org\codehaus\groovy\groovy-json\3.0.9\groovy-json-3.0.9.jar;C:\Users\vicgu\.m2\repository\io\rest-assured\rest-assured-common\4.5.1\rest-assured-common-4.5.1.jar;C:\Users\vicgu\.m2\repository\io\rest-assured\xml-path\4.5.1\xml-path-4.5.1.jar;C:\Users\vicgu\.m2\repository\org\apache\commons\commons-lang3\3.12.0\commons-lang3-3.12.0.jar;C:\Users\vicgu\.m2\repository\ccm\ccm-models\0.0.1-SNAPSHOT\ccm-models-0.0.1-SNAPSHOT.jar;C:\Users\vicgu\.m2\repository\org\apache\camel\quarkus\camel-quarkus-jsonpath\2.16.0\camel-quarkus-jsonpath-2.16.0.jar;C:\Users\vicgu\.m2\repository\org\apache\camel\camel-jsonpath\3.20.1\camel-jsonpath-3.20.1.jar;C:\Users\vicgu\.m2\repository\com\jayway\jsonpath\json-path\2.7.0\json-path-2.7.0.jar;C:\Users\vicgu\.m2\repository\net\minidev\json-smart\2.4.7\json-smart-2.4.7.jar;C:\Users\vicgu\.m2\repository\net\minidev\accessors-smart\2.4.7\accessors-smart-2.4.7.jar;C:\Users\vicgu\.m2\repository\com\fasterxml\jackson\core\jackson-core\2.14.1\jackson-core-2.14.1.jar;C:\Users\vicgu\.m2\repository\com\fasterxml\jackson\core\jackson-annotations\2.14.1\jackson-annotations-2.14.1.jar;C:\Users\vicgu\.m2\repository\com\fasterxml\jackson\core\jackson-databind\2.14.1\jackson-databind-2.14.1.jar;C:\Users\vicgu\.m2\repository\org\apache\httpcomponents\httpmime\4.5.14\httpmime-4.5.14.jar;C:\Users\vicgu\.m2\repository\javax\servlet\servlet-api\2.5\servlet-api-2.5.jar;C:\Users\vicgu\.m2\repository\org\glassfish\javax.json\1.1.4\javax.json-1.1.4.jar;C:\Users\vicgu\.m2\repository\org\jboss\logging\commons-logging-jboss-logging\1.0.0.Final\commons-logging-jboss-logging-1.0.0.Final.jar;C:\Users\vicgu\.m2\repository\org\jboss\logging\jboss-logging\3.5.0.Final\jboss-logging-3.5.0.Final.jar;C:\Users\vicgu\.m2\repository\org\jboss\logmanager\log4j-jboss-logmanager\1.3.0.Final\log4j-jboss-logmanager-1.3.0.Final.jar;C:\Users\vicgu\.m2\repository\org\jboss\slf4j\slf4j-jboss-logmanager\1.2.0.Final\slf4j-jboss-logmanager-1.2.0.Final.jar;C:\Users\vicgu\.m2\repository\org\apache\camel\quarkus\camel-quarkus-direct\2.16.0\camel-quarkus-direct-2.16.0.jar;C:\Users\vicgu\.m2\repository\org\apache\camel\camel-direct\3.20.1\camel-direct-3.20.1.jar;C:\Users\vicgu\.m2\repository\org\apache\camel\quarkus\camel-quarkus-platform-http\2.16.0\camel-quarkus-platform-http-2.16.0.jar;C:\Users\vicgu\.m2\repository\org\apache\camel\quarkus\camel-quarkus-attachments\2.16.0\camel-quarkus-attachments-2.16.0.jar;C:\Users\vicgu\.m2\repository\org\apache\camel\camel-attachments\3.20.1\camel-attachments-3.20.1.jar;C:\Users\vicgu\.m2\repository\org\apache\camel\camel-platform-http-vertx\3.20.1\camel-platform-http-vertx-3.20.1.jar;C:\Users\vicgu\.m2\repository\org\apache\camel\camel-platform-http\3.20.1\camel-platform-http-3.20.1.jar;C:\Users\vicgu\.m2\repository\org\apache\camel\camel-vertx-common\3.20.1\camel-vertx-common-3.20.1.jar;C:\Users\vicgu\.m2\repository\org\apache\camel\quarkus\camel-quarkus-bean\2.16.0\camel-quarkus-bean-2.16.0.jar;C:\Users\vicgu\.m2\repository\org\apache\camel\camel-bean\3.20.1\camel-bean-3.20.1.jar;C:\Users\vicgu\.m2\repository\org\apache\camel\quarkus\camel-quarkus-rest\2.16.0\camel-quarkus-rest-2.16.0.jar;C:\Users\vicgu\.m2\repository\org\apache\camel\camel-rest\3.20.1\camel-rest-3.20.1.jar;C:\Users\vicgu\.m2\repository\org\junit\jupiter\junit-jupiter-engine\5.6.2\junit-jupiter-engine-5.6.2.jar;C:\Users\vicgu\.m2\repository\org\apiguardian\apiguardian-api\1.1.0\apiguardian-api-1.1.0.jar;C:\Users\vicgu\.m2\repository\org\junit\platform\junit-platform-engine\1.9.1\junit-platform-engine-1.9.1.jar;C:\Users\vicgu\.m2\repository\org\opentest4j\opentest4j\1.2.0\opentest4j-1.2.0.jar;C:\Users\vicgu\.m2\repository\org\junit\platform\junit-platform-commons\1.9.1\junit-platform-commons-1.9.1.jar;C:\Users\vicgu\.m2\repository\org\junit\jupiter\junit-jupiter-api\5.9.1\junit-jupiter-api-5.9.1.jar;C:\Users\vicgu\.m2\repository\org\apache\camel\quarkus\camel-quarkus-junit5\2.16.0\camel-quarkus-junit5-2.16.0.jar;C:\Users\vicgu\.m2\repository\org\apache\camel\camel-test-junit5\3.20.1\camel-test-junit5-3.20.1.jar;C:\Users\vicgu\.m2\repository\org\apache\camel\camel-browse\3.20.1\camel-browse-3.20.1.jar;C:\Users\vicgu\.m2\repository\org\apache\camel\camel-controlbus\3.20.1\camel-controlbus-3.20.1.jar;C:\Users\vicgu\.m2\repository\org\apache\camel\camel-dataformat\3.20.1\camel-dataformat-3.20.1.jar;C:\Users\vicgu\.m2\repository\org\apache\camel\camel-dataset\3.20.1\camel-dataset-3.20.1.jar;C:\Users\vicgu\.m2\repository\org\apache\camel\camel-language\3.20.1\camel-language-3.20.1.jar;C:\Users\vicgu\.m2\repository\org\apache\camel\camel-ref\3.20.1\camel-ref-3.20.1.jar;C:\Users\vicgu\.m2\repository\org\apache\camel\camel-saga\3.20.1\camel-saga-3.20.1.jar;C:\Users\vicgu\.m2\repository\org\apache\camel\camel-scheduler\3.20.1\camel-scheduler-3.20.1.jar;C:\Users\vicgu\.m2\repository\org\apache\camel\camel-seda\3.20.1\camel-seda-3.20.1.jar;C:\Users\vicgu\.m2\repository\org\apache\camel\camel-stub\3.20.1\camel-stub-3.20.1.jar;C:\Users\vicgu\.m2\repository\org\apache\camel\camel-timer\3.20.1\camel-timer-3.20.1.jar;C:\Users\vicgu\.m2\repository\org\apache\camel\camel-validator\3.20.1\camel-validator-3.20.1.jar;C:\Users\vicgu\.m2\repository\org\apache\camel\camel-xml-jaxp\3.20.1\camel-xml-jaxp-3.20.1.jar;C:\Users\vicgu\.m2\repository\org\apache\camel\camel-xml-io-util\3.20.1\camel-xml-io-util-3.20.1.jar;C:\Users\vicgu\.m2\repository\org\apache\camel\camel-vm\3.20.1\camel-vm-3.20.1.jar;C:\Users\vicgu\.m2\repository\org\apache\camel\camel-xpath\3.20.1\camel-xpath-3.20.1.jar;C:\Users\vicgu\.m2\repository\org\apache\camel\camel-xslt\3.20.1\camel-xslt-3.20.1.jar;C:\Users\vicgu\.m2\repository\org\apache\camel\quarkus\camel-quarkus-mock\2.16.0\camel-quarkus-mock-2.16.0.jar;C:\Users\vicgu\.m2\repository\org\apache\camel\camel-mock\3.20.1\camel-mock-3.20.1.jar;C:\Users\vicgu\.m2\repository\org\testcontainers\kafka\1.17.6\kafka-1.17.6.jar;C:\Users\vicgu\.m2\repository\org\testcontainers\testcontainers\1.17.6\testcontainers-1.17.6.jar;C:\Users\vicgu\.m2\repository\junit\junit\4.13.1\junit-4.13.1.jar;C:\Users\vicgu\.m2\repository\org\rnorth\duct-tape\duct-tape\1.0.8\duct-tape-1.0.8.jar;C:\Users\vicgu\.m2\repository\org\jetbrains\annotations\17.0.0\annotations-17.0.0.jar;C:\Users\vicgu\.m2\repository\com\github\docker-java\docker-java-transport-zerodep\3.2.13\docker-java-transport-zerodep-3.2.13.jar;C:\Users\vicgu\.m2\repository\com\github\docker-java\docker-java-transport\3.2.13\docker-java-transport-3.2.13.jar;C:\Users\vicgu\.m2\repository\net\java\dev\jna\jna\5.8.0\jna-5.8.0.jar;C:\Users\vicgu\.m2\repository\io\strimzi\strimzi-test-container\0.100.0\strimzi-test-container-0.100.0.jar;C:\Users\vicgu\.m2\repository\com\github\docker-java\docker-java-api\3.2.13\docker-java-api-3.2.13.jar;C:\Users\vicgu\.m2\repository\org\slf4j\slf4j-api\1.7.36\slf4j-api-1.7.36.jar;C:\Users\vicgu\.m2\repository\org\apache\kafka\kafka-clients\3.3.1\kafka-clients-3.3.1.jar;C:\Users\vicgu\.m2\repository\com\github\luben\zstd-jni\1.5.2-1\zstd-jni-1.5.2-1.jar;C:\Users\vicgu\.m2\repository\org\lz4\lz4-java\1.8.0\lz4-java-1.8.0.jar;C:\Users\vicgu\.m2\repository\org\xerial\snappy\snappy-java\1.1.8.4\snappy-java-1.1.8.4.jar;C:\Users\vicgu\.m2\repository\org\apache\commons\commons-compress\1.22\commons-compress-1.22.jar;C:\Users\vicgu\.m2\repository\org\apache\camel\quarkus\camel-quarkus-dsl-modeline\2.16.0\camel-quarkus-dsl-modeline-2.16.0.jar;C:\Users\vicgu\.m2\repository\org\apache\camel\camel-dsl-modeline\3.20.1\camel-dsl-modeline-3.20.1.jar;"/>
    <property name="sun.cpu.endian" value="little"/>
    <property name="user.home" value="C:\Users\vicgu"/>
    <property name="user.language" value="en"/>
    <property name="jboss.log-version" value="false"/>
    <property name="java.specification.vendor" value="Oracle Corporation"/>
    <property name="io.netty.allocator.maxOrder" value="3"/>
    <property name="java.version.date" value="2020-01-14"/>
    <property name="java.home" value="C:\Program Files\Java\jdk-13.0.2"/>
    <property name="file.separator" value="\"/>
    <property name="style.color" value="always"/>
    <property name="basedir" value="C:\dev_projects\PARC\Justice\DEMS\code\jpss-jade-ccm\Quarkus_DemsAdapter"/>
    <property name="java.vm.compressedOopsMode" value="Zero based"/>
    <property name="line.separator" value="&#10;"/>
    <property name="java.vm.specification.vendor" value="Oracle Corporation"/>
    <property name="java.specification.name" value="Java Platform API Specification"/>
    <property name="quarkus.kubernetes.deploy" value="true"/>
    <property name="%test.quarkus.http.port" value="63232"/>
    <property name="surefire.real.class.path" value="C:\Users\vicgu\AppData\Local\Temp\surefire5673739551445217812\surefirebooter2452624012251246629.jar"/>
    <property name="user.script" value=""/>
    <property name="sun.management.compiler" value="HotSpot 64-Bit Tiered Compilers"/>
    <property name="java.runtime.version" value="13.0.2+8"/>
    <property name="user.name" value="vicgu"/>
    <property name="dev.resteasy.exception.mapper" value="false"/>
    <property name="path.separator" value=";"/>
    <property name="os.version" value="10.0"/>
    <property name="java.runtime.name" value="Java(TM) SE Runtime Environment"/>
    <property name="file.encoding" value="Cp1252"/>
    <property name="java.vm.name" value="Java HotSpot(TM) 64-Bit Server VM"/>
    <property name="localRepository" value="C:\Users\vicgu\.m2\repository"/>
    <property name="java.vendor.url.bug" value="https://bugreport.java.com/bugreport/"/>
    <property name="java.io.tmpdir" value="C:\Users\vicgu\AppData\Local\Temp\"/>
    <property name="quarkus.log.file.path" value="target\quarkus.log"/>
    <property name="java.version" value="13.0.2"/>
    <property name="java.util.concurrent.ForkJoinPool.common.threadFactory" value="io.quarkus.bootstrap.forkjoin.QuarkusForkJoinWorkerThreadFactory"/>
    <property name="user.dir" value="C:\dev_projects\PARC\Justice\DEMS\code\jpss-jade-ccm\Quarkus_DemsAdapter"/>
    <property name="os.arch" value="amd64"/>
    <property name="java.vm.specification.name" value="Java Virtual Machine Specification"/>
    <property name="vertx.disableDnsResolver" value="true"/>
    <property name="sun.os.patch.level" value=""/>
    <property name="java.util.logging.manager" value="org.jboss.logmanager.LogManager"/>
    <property name="java.library.path" value="C:\Program Files\Java\jdk-13.0.2\bin;C:\WINDOWS\Sun\Java\bin;C:\WINDOWS\system32;C:\WINDOWS;C:\Users\vicgu\bin;C:\Program Files\Git\mingw64\bin;C:\Program Files\Git\usr\local\bin;C:\Program Files\Git\usr\bin;C:\Program Files\Git\usr\bin;C:\Program Files\Git\mingw64\bin;C:\Program Files\Git\usr\bin;C:\Users\vicgu\bin;C:\Python310\Scripts;C:\Python310;C:\Windows\system32;C:\Windows;C:\Windows\System32\Wbem;C:\Windows\System32\WindowsPowerShell\v1.0;C:\Windows\System32\OpenSSH;C:\Program Files (x86)\NVIDIA Corporation\PhysX\Common;C:\Program Files\Microsoft SQL Server\130\Tools\Binn;C:\Program Files\Microsoft SQL Server\Client SDK\ODBC\170\Tools\Binn;C:\Program Files\Microsoft SQL Server\Client SDK\ODBC\110\Tools\Binn;C:\Program Files (x86)\Microsoft SQL Server\120\Tools\Binn;C:\Program Files\Microsoft SQL Server\120\Tools\Binn;C:\Program Files (x86)\Microsoft SQL Server\120\Tools\Binn\ManagementStudio;C:\Program Files (x86)\Microsoft SQL Server\120\DTS\Binn;C:\Program Files (x86)\Microsoft SQL Server\150\DTS\Binn;C:\Program Files\Microsoft SQL Server\Client SDK\ODBC\130\Tools\Binn;C:\Program Files (x86)\Microsoft SQL Server\140\Tools\Binn;C:\Program Files\Microsoft SQL Server\140\Tools\Binn;C:\Program Files\Microsoft SQL Server\140\DTS\Binn;C:\Program Files\Calibre2;C:\WINDOWS\system32;C:\WINDOWS;C:\WINDOWS\System32\Wbem;C:\WINDOWS\System32\WindowsPowerShell\v1.0;C:\WINDOWS\System32\OpenSSH;C:\Program Files\Azure Data Studio\bin;C:\Program Files\dotnet;C:\Program Files\Amazon\AWSCLIV2;C:\Program Files\Git\cmd;C:\ProgramData\chocolatey\bin;C:\Program Files\nodejs;C:\Program Files\PuTTY;C:\Program Files\Microsoft SQL Server\150\Tools\Binn;C:\temp\apache-maven-3.8.6-bin\apache-maven-3.8.6\bin;C:\Program Files (x86)\GnuPG\bin;C:\Program Files\TortoiseSVN\bin;C:\Program Files\TortoiseGit\bin;C:\Program Files\Docker\Docker\resources\bin;C:\Users\vicgu\.jbang\bin;C:\Users\vicgu\AppData\Local\Microsoft\WindowsApps;C:\Users\vicgu\.dotnet\tools;C:\Users\vicgu\docker;C:\Users\vicgu\AppData\Local\Programs\Microsoft VS Code\bin;C:\Users\vicgu\AppData\Local\Microsoft\WindowsApps;C:\Program Files\Azure Data Studio\bin;C:\Users\vicgu\.dotnet\tools;C:\Program Files\Java\jdk-13.0.2\bin;C:\Program Files\maven\apache-maven-3.6.3\apache-maven\src\bin;C:\Users\vicgu\AppData\Local\GitHubDesktop\bin;C:\Users\vicgu\AppData\Roaming\npm;C:\dev_projects\PARC\Justice\DEMS\tools\camel-k-client-1.6.10-windows-64bit;C:\Users\vicgu\.dotnet\tools;C:\Users\vicgu\app2container\AWSApp2Container\bin;C:\Users\vicgu\.dotnet\tools;C:\Program Files\Git\usr\bin\vendor_perl;C:\Program Files\Git\usr\bin\core_perl;."/>
    <property name="java.vm.info" value="mixed mode, sharing"/>
    <property name="java.vendor" value="Oracle Corporation"/>
    <property name="vertx.disableTCCL" value="true"/>
    <property name="java.vm.version" value="13.0.2+8"/>
    <property name="sun.io.unicode.encoding" value="UnicodeLittle"/>
    <property name="io.netty.machineId" value="3f:90:e7:05:40:c1:93:69"/>
    <property name="java.class.version" value="57.0"/>
    <property name="quarkus.http.port" value="63232"/>
  </properties>
  <testcase name="testAgencyFileConversion" classname="ccm.models.system.justin.JustinAgencyFileTest" time="0.26"/>
  <testcase name="testInitiatingAgency" classname="ccm.models.system.justin.JustinAgencyFileTest" time="0.003"/>
  <testcase name="testJsonParsing" classname="ccm.models.system.justin.JustinAgencyFileTest" time="0.011"/>
  <testcase name="testJsonCustFieldParsing" classname="ccm.models.system.justin.JustinAgencyFileTest" time="0.005"/>
</testsuite>